<?xml version="1.0" encoding="UTF-8"?>
<!-- Generated by org.testng.reporters.JUnitReportReporter -->
<testsuite hostname="mayurlap" failures="0" tests="7" name="com.test.MyProfilePageTest" time="224.409" errors="0" timestamp="19 Aug 2021 00:50:09 GMT" skipped="0">
  <testcase classname="com.test.MyProfilePageTest" name="myProfilePageTestCase5" time="25.278"/>
  <testcase classname="com.test.MyProfilePageTest" name="myProfilePageTestCase7" time="23.592"/>
  <testcase classname="com.test.MyProfilePageTest" name="myProfilePageTestCase2" time="42.351"/>
  <testcase classname="com.test.MyProfilePageTest" name="myProfilePageTestCase3" time="35.298"/>
  <testcase classname="com.test.MyProfilePageTest" name="myProfilePageTestCase1" time="42.471"/>
  <testcase classname="com.test.MyProfilePageTest" name="myProfilePageTestCase4" time="27.420"/>
  <testcase classname="com.test.MyProfilePageTest" name="myProfilePageTestCase6" time="27.999"/>
</testsuite> <!-- com.test.MyProfilePageTest -->
