<?xml version="1.0" encoding="UTF-8"?>
<!-- Generated by org.testng.reporters.JUnitReportReporter -->
<testsuite hostname="mayurlap" failures="0" tests="7" name="com.test.MyProfilePageTest" time="234.874" errors="0" timestamp="20 Aug 2021 07:06:45 GMT" skipped="0">
  <testcase classname="com.test.MyProfilePageTest" name="myProfilePageTestCase4" time="29.829"/>
  <testcase classname="com.test.MyProfilePageTest" name="myProfilePageTestCase1" time="43.160"/>
  <testcase classname="com.test.MyProfilePageTest" name="myProfilePageTestCase7" time="23.237"/>
  <testcase classname="com.test.MyProfilePageTest" name="myProfilePageTestCase3" time="34.806"/>
  <testcase classname="com.test.MyProfilePageTest" name="myProfilePageTestCase5" time="29.293"/>
  <testcase classname="com.test.MyProfilePageTest" name="myProfilePageTestCase2" time="46.468"/>
  <testcase classname="com.test.MyProfilePageTest" name="myProfilePageTestCase6" time="28.081"/>
</testsuite> <!-- com.test.MyProfilePageTest -->
