<?xml version="1.0" encoding="UTF-8"?>
<!-- Generated by org.testng.reporters.JUnitReportReporter -->
<testsuite hostname="mayurlap" failures="0" tests="7" name="com.test.MyProfilePageTest" time="251.840" errors="0" timestamp="20 Aug 2021 09:46:52 GMT" skipped="0">
  <testcase classname="com.test.MyProfilePageTest" name="myProfilePageTestCase1" time="48.702"/>
  <testcase classname="com.test.MyProfilePageTest" name="myProfilePageTestCase7" time="25.392"/>
  <testcase classname="com.test.MyProfilePageTest" name="myProfilePageTestCase3" time="36.140"/>
  <testcase classname="com.test.MyProfilePageTest" name="myProfilePageTestCase5" time="29.735"/>
  <testcase classname="com.test.MyProfilePageTest" name="myProfilePageTestCase4" time="32.127"/>
  <testcase classname="com.test.MyProfilePageTest" name="myProfilePageTestCase6" time="29.984"/>
  <testcase classname="com.test.MyProfilePageTest" name="myProfilePageTestCase2" time="49.760"/>
</testsuite> <!-- com.test.MyProfilePageTest -->
